[01m[K/home/robert/Workspaces/ROS/reflect_ws/src/rr_project/src/rr_project.cpp:[m[K In member function â€˜[01m[Kvoid RRProject::spawn_turtle_response_callback(rclcpp::Client<turtlesim::srv::Spawn>::SharedFuture)[m[Kâ€™:
[01m[K/home/robert/Workspaces/ROS/reflect_ws/src/rr_project/src/rr_project.cpp:140:9:[m[K [01;31m[Kerror: [m[Kâ€˜[01m[Kon_target_approach[m[Kâ€™ was not declared in this scope
  140 |         [01;31m[Kon_target_approach[m[K = false;
      |         [01;31m[K^~~~~~~~~~~~~~~~~~[m[K
gmake[2]: *** [CMakeFiles/rr_project.dir/build.make:76: CMakeFiles/rr_project.dir/src/rr_project.cpp.o] Error 1
gmake[1]: *** [CMakeFiles/Makefile2:137: CMakeFiles/rr_project.dir/all] Error 2
gmake: *** [Makefile:146: all] Error 2
