[0.009s] Invoking command in '/home/robert/Workspaces/ROS/reflect_ws/src/rr_project/build/rr_project': CMAKE_PREFIX_PATH=${CMAKE_PREFIX_PATH}:/opt/ros/humble /usr/bin/cmake --build /home/robert/Workspaces/ROS/reflect_ws/src/rr_project/build/rr_project -- -j20 -l20
[0.038s] [ 50%] [32mBuilding CXX object CMakeFiles/rr_project.dir/src/rr_project.cpp.o[0m
[1.355s] [01m[K/home/robert/Workspaces/ROS/reflect_ws/src/rr_project/src/rr_project.cpp:[m[K In member function â€˜[01m[Kvoid RRProject::spawn_turtle_response_callback(rclcpp::Client<turtlesim::srv::Spawn>::SharedFuture)[m[Kâ€™:
[1.355s] [01m[K/home/robert/Workspaces/ROS/reflect_ws/src/rr_project/src/rr_project.cpp:140:9:[m[K [01;31m[Kerror: [m[Kâ€˜[01m[Kon_target_approach[m[Kâ€™ was not declared in this scope
[1.355s]   140 |         [01;31m[Kon_target_approach[m[K = false;
[1.355s]       |         [01;31m[K^~~~~~~~~~~~~~~~~~[m[K
[2.919s] gmake[2]: *** [CMakeFiles/rr_project.dir/build.make:76: CMakeFiles/rr_project.dir/src/rr_project.cpp.o] Error 1
[2.919s] gmake[1]: *** [CMakeFiles/Makefile2:137: CMakeFiles/rr_project.dir/all] Error 2
[2.919s] gmake: *** [Makefile:146: all] Error 2
[2.921s] Invoked command in '/home/robert/Workspaces/ROS/reflect_ws/src/rr_project/build/rr_project' returned '2': CMAKE_PREFIX_PATH=${CMAKE_PREFIX_PATH}:/opt/ros/humble /usr/bin/cmake --build /home/robert/Workspaces/ROS/reflect_ws/src/rr_project/build/rr_project -- -j20 -l20
